Started GET "/" for 127.0.0.1 at 2017-08-20 20:26:28 -0300
  
ActiveRecord::NoDatabaseError (FATAL:  database "igor_api_development" does not exist
):
  
activerecord (5.0.5) lib/active_record/connection_adapters/postgresql_adapter.rb:675:in `rescue in connect'
activerecord (5.0.5) lib/active_record/connection_adapters/postgresql_adapter.rb:671:in `connect'
activerecord (5.0.5) lib/active_record/connection_adapters/postgresql_adapter.rb:217:in `initialize'
activerecord (5.0.5) lib/active_record/connection_adapters/postgresql_adapter.rb:37:in `new'
activerecord (5.0.5) lib/active_record/connection_adapters/postgresql_adapter.rb:37:in `postgresql_connection'
activerecord (5.0.5) lib/active_record/connection_adapters/abstract/connection_pool.rb:729:in `new_connection'
activerecord (5.0.5) lib/active_record/connection_adapters/abstract/connection_pool.rb:773:in `checkout_new_connection'
activerecord (5.0.5) lib/active_record/connection_adapters/abstract/connection_pool.rb:752:in `try_to_checkout_new_connection'
activerecord (5.0.5) lib/active_record/connection_adapters/abstract/connection_pool.rb:713:in `acquire_connection'
activerecord (5.0.5) lib/active_record/connection_adapters/abstract/connection_pool.rb:490:in `checkout'
activerecord (5.0.5) lib/active_record/connection_adapters/abstract/connection_pool.rb:364:in `connection'
activerecord (5.0.5) lib/active_record/connection_adapters/abstract/connection_pool.rb:883:in `retrieve_connection'
activerecord (5.0.5) lib/active_record/connection_handling.rb:128:in `retrieve_connection'
activerecord (5.0.5) lib/active_record/connection_handling.rb:91:in `connection'
activerecord (5.0.5) lib/active_record/migration.rb:559:in `connection'
activerecord (5.0.5) lib/active_record/migration.rb:546:in `call'
actionpack (5.0.5) lib/action_dispatch/middleware/callbacks.rb:38:in `block in call'
activesupport (5.0.5) lib/active_support/callbacks.rb:97:in `__run_callbacks__'
activesupport (5.0.5) lib/active_support/callbacks.rb:750:in `_run_call_callbacks'
activesupport (5.0.5) lib/active_support/callbacks.rb:90:in `run_callbacks'
actionpack (5.0.5) lib/action_dispatch/middleware/callbacks.rb:36:in `call'
actionpack (5.0.5) lib/action_dispatch/middleware/executor.rb:12:in `call'
actionpack (5.0.5) lib/action_dispatch/middleware/remote_ip.rb:79:in `call'
actionpack (5.0.5) lib/action_dispatch/middleware/debug_exceptions.rb:49:in `call'
web-console (3.5.1) lib/web_console/middleware.rb:135:in `call_app'
web-console (3.5.1) lib/web_console/middleware.rb:28:in `block in call'
web-console (3.5.1) lib/web_console/middleware.rb:18:in `catch'
web-console (3.5.1) lib/web_console/middleware.rb:18:in `call'
actionpack (5.0.5) lib/action_dispatch/middleware/show_exceptions.rb:31:in `call'
railties (5.0.5) lib/rails/rack/logger.rb:36:in `call_app'
railties (5.0.5) lib/rails/rack/logger.rb:24:in `block in call'
activesupport (5.0.5) lib/active_support/tagged_logging.rb:69:in `block in tagged'
activesupport (5.0.5) lib/active_support/tagged_logging.rb:26:in `tagged'
activesupport (5.0.5) lib/active_support/tagged_logging.rb:69:in `tagged'
railties (5.0.5) lib/rails/rack/logger.rb:24:in `call'
sprockets-rails (3.2.0) lib/sprockets/rails/quiet_assets.rb:13:in `call'
actionpack (5.0.5) lib/action_dispatch/middleware/request_id.rb:24:in `call'
rack (2.0.3) lib/rack/method_override.rb:22:in `call'
rack (2.0.3) lib/rack/runtime.rb:22:in `call'
activesupport (5.0.5) lib/active_support/cache/strategy/local_cache_middleware.rb:28:in `call'
actionpack (5.0.5) lib/action_dispatch/middleware/executor.rb:12:in `call'
actionpack (5.0.5) lib/action_dispatch/middleware/static.rb:136:in `call'
rack (2.0.3) lib/rack/sendfile.rb:111:in `call'
railties (5.0.5) lib/rails/engine.rb:522:in `call'
puma (3.10.0) lib/puma/configuration.rb:225:in `call'
puma (3.10.0) lib/puma/server.rb:605:in `handle_request'
puma (3.10.0) lib/puma/server.rb:437:in `process_client'
puma (3.10.0) lib/puma/server.rb:301:in `block in run'
puma (3.10.0) lib/puma/thread_pool.rb:120:in `call'
puma (3.10.0) lib/puma/thread_pool.rb:120:in `block in spawn_thread'
  Rendering /Users/vzaffalon/.rvm/gems/ruby-2.2.5/gems/actionpack-5.0.5/lib/action_dispatch/middleware/templates/rescues/diagnostics.html.erb within rescues/layout
  Rendering /Users/vzaffalon/.rvm/gems/ruby-2.2.5/gems/actionpack-5.0.5/lib/action_dispatch/middleware/templates/rescues/_source.html.erb
  Rendered /Users/vzaffalon/.rvm/gems/ruby-2.2.5/gems/actionpack-5.0.5/lib/action_dispatch/middleware/templates/rescues/_source.html.erb (5.0ms)
  Rendering /Users/vzaffalon/.rvm/gems/ruby-2.2.5/gems/actionpack-5.0.5/lib/action_dispatch/middleware/templates/rescues/_trace.html.erb
  Rendered /Users/vzaffalon/.rvm/gems/ruby-2.2.5/gems/actionpack-5.0.5/lib/action_dispatch/middleware/templates/rescues/_trace.html.erb (4.7ms)
  Rendering /Users/vzaffalon/.rvm/gems/ruby-2.2.5/gems/actionpack-5.0.5/lib/action_dispatch/middleware/templates/rescues/_request_and_response.html.erb
  Rendered /Users/vzaffalon/.rvm/gems/ruby-2.2.5/gems/actionpack-5.0.5/lib/action_dispatch/middleware/templates/rescues/_request_and_response.html.erb (1.9ms)
  Rendered /Users/vzaffalon/.rvm/gems/ruby-2.2.5/gems/actionpack-5.0.5/lib/action_dispatch/middleware/templates/rescues/diagnostics.html.erb within rescues/layout (112.5ms)
Started GET "/" for 127.0.0.1 at 2017-08-20 20:27:37 -0300
  
ActiveRecord::NoDatabaseError (FATAL:  database "igor_api_development" does not exist
):
  
activerecord (5.0.5) lib/active_record/connection_adapters/postgresql_adapter.rb:675:in `rescue in connect'
activerecord (5.0.5) lib/active_record/connection_adapters/postgresql_adapter.rb:671:in `connect'
activerecord (5.0.5) lib/active_record/connection_adapters/postgresql_adapter.rb:217:in `initialize'
activerecord (5.0.5) lib/active_record/connection_adapters/postgresql_adapter.rb:37:in `new'
activerecord (5.0.5) lib/active_record/connection_adapters/postgresql_adapter.rb:37:in `postgresql_connection'
activerecord (5.0.5) lib/active_record/connection_adapters/abstract/connection_pool.rb:729:in `new_connection'
activerecord (5.0.5) lib/active_record/connection_adapters/abstract/connection_pool.rb:773:in `checkout_new_connection'
activerecord (5.0.5) lib/active_record/connection_adapters/abstract/connection_pool.rb:752:in `try_to_checkout_new_connection'
activerecord (5.0.5) lib/active_record/connection_adapters/abstract/connection_pool.rb:713:in `acquire_connection'
activerecord (5.0.5) lib/active_record/connection_adapters/abstract/connection_pool.rb:490:in `checkout'
activerecord (5.0.5) lib/active_record/connection_adapters/abstract/connection_pool.rb:364:in `connection'
activerecord (5.0.5) lib/active_record/connection_adapters/abstract/connection_pool.rb:883:in `retrieve_connection'
activerecord (5.0.5) lib/active_record/connection_handling.rb:128:in `retrieve_connection'
activerecord (5.0.5) lib/active_record/connection_handling.rb:91:in `connection'
activerecord (5.0.5) lib/active_record/migration.rb:559:in `connection'
activerecord (5.0.5) lib/active_record/migration.rb:546:in `call'
actionpack (5.0.5) lib/action_dispatch/middleware/callbacks.rb:38:in `block in call'
activesupport (5.0.5) lib/active_support/callbacks.rb:97:in `__run_callbacks__'
activesupport (5.0.5) lib/active_support/callbacks.rb:750:in `_run_call_callbacks'
activesupport (5.0.5) lib/active_support/callbacks.rb:90:in `run_callbacks'
actionpack (5.0.5) lib/action_dispatch/middleware/callbacks.rb:36:in `call'
actionpack (5.0.5) lib/action_dispatch/middleware/executor.rb:12:in `call'
actionpack (5.0.5) lib/action_dispatch/middleware/remote_ip.rb:79:in `call'
actionpack (5.0.5) lib/action_dispatch/middleware/debug_exceptions.rb:49:in `call'
web-console (3.5.1) lib/web_console/middleware.rb:135:in `call_app'
web-console (3.5.1) lib/web_console/middleware.rb:28:in `block in call'
web-console (3.5.1) lib/web_console/middleware.rb:18:in `catch'
web-console (3.5.1) lib/web_console/middleware.rb:18:in `call'
actionpack (5.0.5) lib/action_dispatch/middleware/show_exceptions.rb:31:in `call'
railties (5.0.5) lib/rails/rack/logger.rb:36:in `call_app'
railties (5.0.5) lib/rails/rack/logger.rb:24:in `block in call'
activesupport (5.0.5) lib/active_support/tagged_logging.rb:69:in `block in tagged'
activesupport (5.0.5) lib/active_support/tagged_logging.rb:26:in `tagged'
activesupport (5.0.5) lib/active_support/tagged_logging.rb:69:in `tagged'
railties (5.0.5) lib/rails/rack/logger.rb:24:in `call'
sprockets-rails (3.2.0) lib/sprockets/rails/quiet_assets.rb:13:in `call'
actionpack (5.0.5) lib/action_dispatch/middleware/request_id.rb:24:in `call'
rack (2.0.3) lib/rack/method_override.rb:22:in `call'
rack (2.0.3) lib/rack/runtime.rb:22:in `call'
activesupport (5.0.5) lib/active_support/cache/strategy/local_cache_middleware.rb:28:in `call'
actionpack (5.0.5) lib/action_dispatch/middleware/executor.rb:12:in `call'
actionpack (5.0.5) lib/action_dispatch/middleware/static.rb:136:in `call'
rack (2.0.3) lib/rack/sendfile.rb:111:in `call'
railties (5.0.5) lib/rails/engine.rb:522:in `call'
puma (3.10.0) lib/puma/configuration.rb:225:in `call'
puma (3.10.0) lib/puma/server.rb:605:in `handle_request'
puma (3.10.0) lib/puma/server.rb:437:in `process_client'
puma (3.10.0) lib/puma/server.rb:301:in `block in run'
puma (3.10.0) lib/puma/thread_pool.rb:120:in `call'
puma (3.10.0) lib/puma/thread_pool.rb:120:in `block in spawn_thread'
  Rendering /Users/vzaffalon/.rvm/gems/ruby-2.2.5/gems/actionpack-5.0.5/lib/action_dispatch/middleware/templates/rescues/diagnostics.html.erb within rescues/layout
  Rendering /Users/vzaffalon/.rvm/gems/ruby-2.2.5/gems/actionpack-5.0.5/lib/action_dispatch/middleware/templates/rescues/_source.html.erb
  Rendered /Users/vzaffalon/.rvm/gems/ruby-2.2.5/gems/actionpack-5.0.5/lib/action_dispatch/middleware/templates/rescues/_source.html.erb (5.6ms)
  Rendering /Users/vzaffalon/.rvm/gems/ruby-2.2.5/gems/actionpack-5.0.5/lib/action_dispatch/middleware/templates/rescues/_trace.html.erb
  Rendered /Users/vzaffalon/.rvm/gems/ruby-2.2.5/gems/actionpack-5.0.5/lib/action_dispatch/middleware/templates/rescues/_trace.html.erb (2.5ms)
  Rendering /Users/vzaffalon/.rvm/gems/ruby-2.2.5/gems/actionpack-5.0.5/lib/action_dispatch/middleware/templates/rescues/_request_and_response.html.erb
  Rendered /Users/vzaffalon/.rvm/gems/ruby-2.2.5/gems/actionpack-5.0.5/lib/action_dispatch/middleware/templates/rescues/_request_and_response.html.erb (3.0ms)
  Rendered /Users/vzaffalon/.rvm/gems/ruby-2.2.5/gems/actionpack-5.0.5/lib/action_dispatch/middleware/templates/rescues/diagnostics.html.erb within rescues/layout (97.0ms)
Started GET "/" for 127.0.0.1 at 2017-08-20 20:30:10 -0300
  
ActiveRecord::NoDatabaseError (FATAL:  database "igor_api_development" does not exist
):
  
activerecord (5.0.5) lib/active_record/connection_adapters/postgresql_adapter.rb:675:in `rescue in connect'
activerecord (5.0.5) lib/active_record/connection_adapters/postgresql_adapter.rb:671:in `connect'
activerecord (5.0.5) lib/active_record/connection_adapters/postgresql_adapter.rb:217:in `initialize'
activerecord (5.0.5) lib/active_record/connection_adapters/postgresql_adapter.rb:37:in `new'
activerecord (5.0.5) lib/active_record/connection_adapters/postgresql_adapter.rb:37:in `postgresql_connection'
activerecord (5.0.5) lib/active_record/connection_adapters/abstract/connection_pool.rb:729:in `new_connection'
activerecord (5.0.5) lib/active_record/connection_adapters/abstract/connection_pool.rb:773:in `checkout_new_connection'
activerecord (5.0.5) lib/active_record/connection_adapters/abstract/connection_pool.rb:752:in `try_to_checkout_new_connection'
activerecord (5.0.5) lib/active_record/connection_adapters/abstract/connection_pool.rb:713:in `acquire_connection'
activerecord (5.0.5) lib/active_record/connection_adapters/abstract/connection_pool.rb:490:in `checkout'
activerecord (5.0.5) lib/active_record/connection_adapters/abstract/connection_pool.rb:364:in `connection'
activerecord (5.0.5) lib/active_record/connection_adapters/abstract/connection_pool.rb:883:in `retrieve_connection'
activerecord (5.0.5) lib/active_record/connection_handling.rb:128:in `retrieve_connection'
activerecord (5.0.5) lib/active_record/connection_handling.rb:91:in `connection'
activerecord (5.0.5) lib/active_record/migration.rb:559:in `connection'
activerecord (5.0.5) lib/active_record/migration.rb:546:in `call'
actionpack (5.0.5) lib/action_dispatch/middleware/callbacks.rb:38:in `block in call'
activesupport (5.0.5) lib/active_support/callbacks.rb:97:in `__run_callbacks__'
activesupport (5.0.5) lib/active_support/callbacks.rb:750:in `_run_call_callbacks'
activesupport (5.0.5) lib/active_support/callbacks.rb:90:in `run_callbacks'
actionpack (5.0.5) lib/action_dispatch/middleware/callbacks.rb:36:in `call'
actionpack (5.0.5) lib/action_dispatch/middleware/executor.rb:12:in `call'
actionpack (5.0.5) lib/action_dispatch/middleware/remote_ip.rb:79:in `call'
actionpack (5.0.5) lib/action_dispatch/middleware/debug_exceptions.rb:49:in `call'
web-console (3.5.1) lib/web_console/middleware.rb:135:in `call_app'
web-console (3.5.1) lib/web_console/middleware.rb:28:in `block in call'
web-console (3.5.1) lib/web_console/middleware.rb:18:in `catch'
web-console (3.5.1) lib/web_console/middleware.rb:18:in `call'
actionpack (5.0.5) lib/action_dispatch/middleware/show_exceptions.rb:31:in `call'
railties (5.0.5) lib/rails/rack/logger.rb:36:in `call_app'
railties (5.0.5) lib/rails/rack/logger.rb:24:in `block in call'
activesupport (5.0.5) lib/active_support/tagged_logging.rb:69:in `block in tagged'
activesupport (5.0.5) lib/active_support/tagged_logging.rb:26:in `tagged'
activesupport (5.0.5) lib/active_support/tagged_logging.rb:69:in `tagged'
railties (5.0.5) lib/rails/rack/logger.rb:24:in `call'
sprockets-rails (3.2.0) lib/sprockets/rails/quiet_assets.rb:13:in `call'
actionpack (5.0.5) lib/action_dispatch/middleware/request_id.rb:24:in `call'
rack (2.0.3) lib/rack/method_override.rb:22:in `call'
rack (2.0.3) lib/rack/runtime.rb:22:in `call'
activesupport (5.0.5) lib/active_support/cache/strategy/local_cache_middleware.rb:28:in `call'
actionpack (5.0.5) lib/action_dispatch/middleware/executor.rb:12:in `call'
actionpack (5.0.5) lib/action_dispatch/middleware/static.rb:136:in `call'
rack (2.0.3) lib/rack/sendfile.rb:111:in `call'
railties (5.0.5) lib/rails/engine.rb:522:in `call'
puma (3.10.0) lib/puma/configuration.rb:225:in `call'
puma (3.10.0) lib/puma/server.rb:605:in `handle_request'
puma (3.10.0) lib/puma/server.rb:437:in `process_client'
puma (3.10.0) lib/puma/server.rb:301:in `block in run'
puma (3.10.0) lib/puma/thread_pool.rb:120:in `call'
puma (3.10.0) lib/puma/thread_pool.rb:120:in `block in spawn_thread'
  Rendering /Users/vzaffalon/.rvm/gems/ruby-2.2.5/gems/actionpack-5.0.5/lib/action_dispatch/middleware/templates/rescues/diagnostics.html.erb within rescues/layout
  Rendering /Users/vzaffalon/.rvm/gems/ruby-2.2.5/gems/actionpack-5.0.5/lib/action_dispatch/middleware/templates/rescues/_source.html.erb
  Rendered /Users/vzaffalon/.rvm/gems/ruby-2.2.5/gems/actionpack-5.0.5/lib/action_dispatch/middleware/templates/rescues/_source.html.erb (5.2ms)
  Rendering /Users/vzaffalon/.rvm/gems/ruby-2.2.5/gems/actionpack-5.0.5/lib/action_dispatch/middleware/templates/rescues/_trace.html.erb
  Rendered /Users/vzaffalon/.rvm/gems/ruby-2.2.5/gems/actionpack-5.0.5/lib/action_dispatch/middleware/templates/rescues/_trace.html.erb (2.9ms)
  Rendering /Users/vzaffalon/.rvm/gems/ruby-2.2.5/gems/actionpack-5.0.5/lib/action_dispatch/middleware/templates/rescues/_request_and_response.html.erb
  Rendered /Users/vzaffalon/.rvm/gems/ruby-2.2.5/gems/actionpack-5.0.5/lib/action_dispatch/middleware/templates/rescues/_request_and_response.html.erb (1.0ms)
  Rendered /Users/vzaffalon/.rvm/gems/ruby-2.2.5/gems/actionpack-5.0.5/lib/action_dispatch/middleware/templates/rescues/diagnostics.html.erb within rescues/layout (106.8ms)
Started GET "/api/users/current" for 127.0.0.1 at 2017-08-20 20:56:46 -0300
  
ActionController::RoutingError (No route matches [GET] "/api/users/current"):
  
actionpack (5.0.5) lib/action_dispatch/middleware/debug_exceptions.rb:53:in `call'
web-console (3.5.1) lib/web_console/middleware.rb:135:in `call_app'
web-console (3.5.1) lib/web_console/middleware.rb:28:in `block in call'
web-console (3.5.1) lib/web_console/middleware.rb:18:in `catch'
web-console (3.5.1) lib/web_console/middleware.rb:18:in `call'
actionpack (5.0.5) lib/action_dispatch/middleware/show_exceptions.rb:31:in `call'
railties (5.0.5) lib/rails/rack/logger.rb:36:in `call_app'
railties (5.0.5) lib/rails/rack/logger.rb:24:in `block in call'
activesupport (5.0.5) lib/active_support/tagged_logging.rb:69:in `block in tagged'
activesupport (5.0.5) lib/active_support/tagged_logging.rb:26:in `tagged'
activesupport (5.0.5) lib/active_support/tagged_logging.rb:69:in `tagged'
railties (5.0.5) lib/rails/rack/logger.rb:24:in `call'
sprockets-rails (3.2.0) lib/sprockets/rails/quiet_assets.rb:13:in `call'
actionpack (5.0.5) lib/action_dispatch/middleware/request_id.rb:24:in `call'
rack (2.0.3) lib/rack/method_override.rb:22:in `call'
rack (2.0.3) lib/rack/runtime.rb:22:in `call'
activesupport (5.0.5) lib/active_support/cache/strategy/local_cache_middleware.rb:28:in `call'
actionpack (5.0.5) lib/action_dispatch/middleware/executor.rb:12:in `call'
actionpack (5.0.5) lib/action_dispatch/middleware/static.rb:136:in `call'
rack (2.0.3) lib/rack/sendfile.rb:111:in `call'
railties (5.0.5) lib/rails/engine.rb:522:in `call'
puma (3.10.0) lib/puma/configuration.rb:225:in `call'
puma (3.10.0) lib/puma/server.rb:605:in `handle_request'
puma (3.10.0) lib/puma/server.rb:437:in `process_client'
puma (3.10.0) lib/puma/server.rb:301:in `block in run'
puma (3.10.0) lib/puma/thread_pool.rb:120:in `call'
puma (3.10.0) lib/puma/thread_pool.rb:120:in `block in spawn_thread'
  Rendering /Users/vzaffalon/.rvm/gems/ruby-2.2.5/gems/actionpack-5.0.5/lib/action_dispatch/middleware/templates/rescues/routing_error.html.erb within rescues/layout
  Rendering /Users/vzaffalon/.rvm/gems/ruby-2.2.5/gems/actionpack-5.0.5/lib/action_dispatch/middleware/templates/rescues/_trace.html.erb
  Rendered /Users/vzaffalon/.rvm/gems/ruby-2.2.5/gems/actionpack-5.0.5/lib/action_dispatch/middleware/templates/rescues/_trace.html.erb (2.4ms)
  Rendered /Users/vzaffalon/.rvm/gems/ruby-2.2.5/gems/actionpack-5.0.5/lib/action_dispatch/middleware/templates/routes/_table.html.erb (15.7ms)
  Rendering /Users/vzaffalon/.rvm/gems/ruby-2.2.5/gems/actionpack-5.0.5/lib/action_dispatch/middleware/templates/rescues/_request_and_response.html.erb
  Rendered /Users/vzaffalon/.rvm/gems/ruby-2.2.5/gems/actionpack-5.0.5/lib/action_dispatch/middleware/templates/rescues/_request_and_response.html.erb (16.7ms)
  Rendered /Users/vzaffalon/.rvm/gems/ruby-2.2.5/gems/actionpack-5.0.5/lib/action_dispatch/middleware/templates/rescues/routing_error.html.erb within rescues/layout (148.9ms)
Started GET "/" for 127.0.0.1 at 2017-08-20 20:56:59 -0300
Processing by Rails::WelcomeController#index as HTML
  Parameters: {"internal"=>true}
  Rendering /Users/vzaffalon/.rvm/gems/ruby-2.2.5/gems/railties-5.0.5/lib/rails/templates/rails/welcome/index.html.erb
  Rendered /Users/vzaffalon/.rvm/gems/ruby-2.2.5/gems/railties-5.0.5/lib/rails/templates/rails/welcome/index.html.erb (4.8ms)
Completed 200 OK in 13ms (Views: 8.4ms | ActiveRecord: 0.0ms)


Started GET "/" for 127.0.0.1 at 2017-08-20 21:11:27 -0300
Processing by Rails::WelcomeController#index as HTML
  Parameters: {"internal"=>true}
  Rendering /Users/vzaffalon/.rvm/gems/ruby-2.2.5/gems/railties-5.0.5/lib/rails/templates/rails/welcome/index.html.erb
  Rendered /Users/vzaffalon/.rvm/gems/ruby-2.2.5/gems/railties-5.0.5/lib/rails/templates/rails/welcome/index.html.erb (3.9ms)
Completed 200 OK in 11ms (Views: 7.2ms | ActiveRecord: 0.0ms)


